INFO  | 2022-05-01 21:49:10 | [main] service.AccountServiceImpl (AccountServiceImpl.java:78) - time taken for method to execute is2008
WARN  | 2022-05-01 22:15:04 | [main] support.AbstractApplicationContext (AbstractApplicationContext.java:559) - Exception encountered during context initialization - cancelling refresh attempt: org.springframework.beans.factory.BeanCreationException: Error creating bean with name 'accountDaoCollectionImpl' defined in file [C:\edureka_stuff\core\07-bankapp-xml-aop\target\classes\com\banakapp\dao\AccountDaoCollectionImpl.class]: Initialization of bean failed; nested exception is java.lang.IllegalArgumentException: Pointcut is not well-formed: expecting ')' at character position 35
execution(public void transfer(int fromId, int toId, double amount))
                                   ^^^^^^

WARN  | 2022-05-01 22:16:32 | [main] support.AbstractApplicationContext (AbstractApplicationContext.java:559) - Exception encountered during context initialization - cancelling refresh attempt: org.springframework.beans.factory.BeanCreationException: Error creating bean with name 'accountDaoCollectionImpl' defined in file [C:\edureka_stuff\core\07-bankapp-xml-aop\target\classes\com\banakapp\dao\AccountDaoCollectionImpl.class]: Initialization of bean failed; nested exception is java.lang.IllegalArgumentException: Pointcut is not well-formed: expecting ')' at character position 35
execution(public void transfer(int fromId, int toId, double amount))
                                   ^^^^^^

WARN  | 2022-05-01 22:20:48 | [main] support.AbstractApplicationContext (AbstractApplicationContext.java:559) - Exception encountered during context initialization - cancelling refresh attempt: org.springframework.beans.factory.BeanCreationException: Error creating bean with name 'accountDaoCollectionImpl' defined in file [C:\edureka_stuff\core\07-bankapp-xml-aop\target\classes\com\banakapp\dao\AccountDaoCollectionImpl.class]: Initialization of bean failed; nested exception is java.lang.IllegalArgumentException: Pointcut is not well-formed: expecting 'name pattern' at character position 24
execution(MyLogger.class)
                        ^

WARN  | 2022-05-01 22:21:14 | [main] support.AbstractApplicationContext (AbstractApplicationContext.java:559) - Exception encountered during context initialization - cancelling refresh attempt: org.springframework.beans.factory.BeanCreationException: Error creating bean with name 'accountDaoCollectionImpl' defined in file [C:\edureka_stuff\core\07-bankapp-xml-aop\target\classes\com\banakapp\dao\AccountDaoCollectionImpl.class]: Initialization of bean failed; nested exception is java.lang.IllegalArgumentException: Pointcut is not well-formed: expecting 'name pattern' at character position 18
execution(MyLogger)
                  ^

WARN  | 2022-05-01 22:21:46 | [main] support.AbstractApplicationContext (AbstractApplicationContext.java:559) - Exception encountered during context initialization - cancelling refresh attempt: org.springframework.beans.factory.BeanCreationException: Error creating bean with name 'accountDaoCollectionImpl' defined in file [C:\edureka_stuff\core\07-bankapp-xml-aop\target\classes\com\banakapp\dao\AccountDaoCollectionImpl.class]: Initialization of bean failed; nested exception is java.lang.IllegalArgumentException: error at ::0 can't find referenced pointcut annotation
WARN  | 2022-05-01 22:22:13 | [main] support.AbstractApplicationContext (AbstractApplicationContext.java:559) - Exception encountered during context initialization - cancelling refresh attempt: org.springframework.beans.factory.BeanCreationException: Error creating bean with name 'accountDaoCollectionImpl' defined in file [C:\edureka_stuff\core\07-bankapp-xml-aop\target\classes\com\banakapp\dao\AccountDaoCollectionImpl.class]: Initialization of bean failed; nested exception is java.lang.IllegalArgumentException: warning no match for this type name: MyLogger.class [Xlint:invalidAbsoluteTypeName]
WARN  | 2022-05-01 22:22:26 | [main] support.AbstractApplicationContext (AbstractApplicationContext.java:559) - Exception encountered during context initialization - cancelling refresh attempt: org.springframework.beans.factory.BeanCreationException: Error creating bean with name 'accountDaoCollectionImpl' defined in file [C:\edureka_stuff\core\07-bankapp-xml-aop\target\classes\com\banakapp\dao\AccountDaoCollectionImpl.class]: Initialization of bean failed; nested exception is java.lang.IllegalArgumentException: error at ::0 can't find referenced pointcut annotation
INFO  | 2022-05-01 22:25:03 | [main] aspect.LoggingAspect (LoggingAspect.java:26) - time taken for method to execute is2008
WARN  | 2022-05-01 22:25:56 | [main] support.AbstractApplicationContext (AbstractApplicationContext.java:559) - Exception encountered during context initialization - cancelling refresh attempt: org.springframework.beans.factory.BeanCreationException: Error creating bean with name 'accountDaoCollectionImpl' defined in file [C:\edureka_stuff\core\07-bankapp-xml-aop\target\classes\com\banakapp\dao\AccountDaoCollectionImpl.class]: Initialization of bean failed; nested exception is java.lang.IllegalArgumentException: error Type referred to is not an annotation type: MyLogger
INFO  | 2022-05-01 22:26:21 | [main] aspect.LoggingAspect (LoggingAspect.java:25) - time taken for method to execute is2017
INFO  | 2022-05-01 22:27:09 | [main] aspect.LoggingAspect (LoggingAspect.java:25) - time taken for method to execute is0
INFO  | 2022-05-01 22:28:09 | [main] aspect.LoggingAspect (LoggingAspect.java:24) - time taken for method to execute is2020: transfer
INFO  | 2022-05-01 22:36:08 | [main] aspect.LoggingAspect (LoggingAspect.java:24) - time taken for method to execute is0: sendSms
INFO  | 2022-05-01 22:36:08 | [main] aspect.LoggingAspect (LoggingAspect.java:24) - time taken for method to execute is2027: transfer
WARN  | 2022-05-08 21:23:17 | [main] support.AbstractApplicationContext (AbstractApplicationContext.java:559) - Exception encountered during context initialization - cancelling refresh attempt: org.springframework.beans.factory.UnsatisfiedDependencyException: Error creating bean with name 'accountDaoImplHib' defined in file [C:\edureka_stuff\core\14-bankapp-hib-xml\target\classes\com\bankapp\dao\AccountDaoImplHib.class]: Unsatisfied dependency expressed through constructor parameter 0; nested exception is org.springframework.beans.factory.BeanCreationException: Error creating bean with name 'sf' defined in class path resource [bank.xml]: Invocation of init method failed; nested exception is java.lang.NoClassDefFoundError: javax/xml/bind/JAXBException
INFO  | 2022-05-08 21:26:05 | [main] hibernate.Version (Version.java:45) - HHH000412: Hibernate Core {5.2.9.Final}
INFO  | 2022-05-08 21:26:05 | [main] cfg.Environment (Environment.java:213) - HHH000206: hibernate.properties not found
INFO  | 2022-05-08 21:26:05 | [main] java.JavaReflectionManager (JavaReflectionManager.java:66) - HCANN000001: Hibernate Commons Annotations {5.0.1.Final}
INFO  | 2022-05-08 21:26:06 | [main] dialect.Dialect (Dialect.java:157) - HHH000400: Using dialect: org.hibernate.dialect.MySQL5Dialect
INFO  | 2022-05-08 21:27:24 | [main] hibernate.Version (Version.java:45) - HHH000412: Hibernate Core {5.2.9.Final}
INFO  | 2022-05-08 21:27:24 | [main] cfg.Environment (Environment.java:213) - HHH000206: hibernate.properties not found
INFO  | 2022-05-08 21:27:24 | [main] java.JavaReflectionManager (JavaReflectionManager.java:66) - HCANN000001: Hibernate Commons Annotations {5.0.1.Final}
INFO  | 2022-05-08 21:27:25 | [main] dialect.Dialect (Dialect.java:157) - HHH000400: Using dialect: org.hibernate.dialect.MySQL5Dialect
INFO  | 2022-05-08 21:56:37 | [main] hibernate.Version (Version.java:45) - HHH000412: Hibernate Core {5.2.9.Final}
INFO  | 2022-05-08 21:56:37 | [main] cfg.Environment (Environment.java:213) - HHH000206: hibernate.properties not found
INFO  | 2022-05-08 21:56:37 | [main] java.JavaReflectionManager (JavaReflectionManager.java:66) - HCANN000001: Hibernate Commons Annotations {5.0.1.Final}
INFO  | 2022-05-08 21:56:37 | [main] dialect.Dialect (Dialect.java:157) - HHH000400: Using dialect: org.hibernate.dialect.MySQL57Dialect
INFO  | 2022-05-14 21:55:11 | [main] hibernate.Version (Version.java:45) - HHH000412: Hibernate Core {5.2.9.Final}
INFO  | 2022-05-14 21:55:11 | [main] cfg.Environment (Environment.java:213) - HHH000206: hibernate.properties not found
INFO  | 2022-05-14 21:55:11 | [main] java.JavaReflectionManager (JavaReflectionManager.java:66) - HCANN000001: Hibernate Commons Annotations {5.0.1.Final}
INFO  | 2022-05-14 21:55:12 | [main] dialect.Dialect (Dialect.java:157) - HHH000400: Using dialect: org.hibernate.dialect.MySQL57Dialect
