INFO  | 2022-05-01 21:49:10 | [main] service.AccountServiceImpl (AccountServiceImpl.java:78) - time taken for method to execute is2008
WARN  | 2022-05-01 22:15:04 | [main] support.AbstractApplicationContext (AbstractApplicationContext.java:559) - Exception encountered during context initialization - cancelling refresh attempt: org.springframework.beans.factory.BeanCreationException: Error creating bean with name 'accountDaoCollectionImpl' defined in file [C:\edureka_stuff\core\07-bankapp-xml-aop\target\classes\com\banakapp\dao\AccountDaoCollectionImpl.class]: Initialization of bean failed; nested exception is java.lang.IllegalArgumentException: Pointcut is not well-formed: expecting ')' at character position 35
execution(public void transfer(int fromId, int toId, double amount))
                                   ^^^^^^

WARN  | 2022-05-01 22:16:32 | [main] support.AbstractApplicationContext (AbstractApplicationContext.java:559) - Exception encountered during context initialization - cancelling refresh attempt: org.springframework.beans.factory.BeanCreationException: Error creating bean with name 'accountDaoCollectionImpl' defined in file [C:\edureka_stuff\core\07-bankapp-xml-aop\target\classes\com\banakapp\dao\AccountDaoCollectionImpl.class]: Initialization of bean failed; nested exception is java.lang.IllegalArgumentException: Pointcut is not well-formed: expecting ')' at character position 35
execution(public void transfer(int fromId, int toId, double amount))
                                   ^^^^^^

WARN  | 2022-05-01 22:20:48 | [main] support.AbstractApplicationContext (AbstractApplicationContext.java:559) - Exception encountered during context initialization - cancelling refresh attempt: org.springframework.beans.factory.BeanCreationException: Error creating bean with name 'accountDaoCollectionImpl' defined in file [C:\edureka_stuff\core\07-bankapp-xml-aop\target\classes\com\banakapp\dao\AccountDaoCollectionImpl.class]: Initialization of bean failed; nested exception is java.lang.IllegalArgumentException: Pointcut is not well-formed: expecting 'name pattern' at character position 24
execution(MyLogger.class)
                        ^

WARN  | 2022-05-01 22:21:14 | [main] support.AbstractApplicationContext (AbstractApplicationContext.java:559) - Exception encountered during context initialization - cancelling refresh attempt: org.springframework.beans.factory.BeanCreationException: Error creating bean with name 'accountDaoCollectionImpl' defined in file [C:\edureka_stuff\core\07-bankapp-xml-aop\target\classes\com\banakapp\dao\AccountDaoCollectionImpl.class]: Initialization of bean failed; nested exception is java.lang.IllegalArgumentException: Pointcut is not well-formed: expecting 'name pattern' at character position 18
execution(MyLogger)
                  ^

WARN  | 2022-05-01 22:21:46 | [main] support.AbstractApplicationContext (AbstractApplicationContext.java:559) - Exception encountered during context initialization - cancelling refresh attempt: org.springframework.beans.factory.BeanCreationException: Error creating bean with name 'accountDaoCollectionImpl' defined in file [C:\edureka_stuff\core\07-bankapp-xml-aop\target\classes\com\banakapp\dao\AccountDaoCollectionImpl.class]: Initialization of bean failed; nested exception is java.lang.IllegalArgumentException: error at ::0 can't find referenced pointcut annotation
WARN  | 2022-05-01 22:22:13 | [main] support.AbstractApplicationContext (AbstractApplicationContext.java:559) - Exception encountered during context initialization - cancelling refresh attempt: org.springframework.beans.factory.BeanCreationException: Error creating bean with name 'accountDaoCollectionImpl' defined in file [C:\edureka_stuff\core\07-bankapp-xml-aop\target\classes\com\banakapp\dao\AccountDaoCollectionImpl.class]: Initialization of bean failed; nested exception is java.lang.IllegalArgumentException: warning no match for this type name: MyLogger.class [Xlint:invalidAbsoluteTypeName]
WARN  | 2022-05-01 22:22:26 | [main] support.AbstractApplicationContext (AbstractApplicationContext.java:559) - Exception encountered during context initialization - cancelling refresh attempt: org.springframework.beans.factory.BeanCreationException: Error creating bean with name 'accountDaoCollectionImpl' defined in file [C:\edureka_stuff\core\07-bankapp-xml-aop\target\classes\com\banakapp\dao\AccountDaoCollectionImpl.class]: Initialization of bean failed; nested exception is java.lang.IllegalArgumentException: error at ::0 can't find referenced pointcut annotation
INFO  | 2022-05-01 22:25:03 | [main] aspect.LoggingAspect (LoggingAspect.java:26) - time taken for method to execute is2008
WARN  | 2022-05-01 22:25:56 | [main] support.AbstractApplicationContext (AbstractApplicationContext.java:559) - Exception encountered during context initialization - cancelling refresh attempt: org.springframework.beans.factory.BeanCreationException: Error creating bean with name 'accountDaoCollectionImpl' defined in file [C:\edureka_stuff\core\07-bankapp-xml-aop\target\classes\com\banakapp\dao\AccountDaoCollectionImpl.class]: Initialization of bean failed; nested exception is java.lang.IllegalArgumentException: error Type referred to is not an annotation type: MyLogger
INFO  | 2022-05-01 22:26:21 | [main] aspect.LoggingAspect (LoggingAspect.java:25) - time taken for method to execute is2017
INFO  | 2022-05-01 22:27:09 | [main] aspect.LoggingAspect (LoggingAspect.java:25) - time taken for method to execute is0
INFO  | 2022-05-01 22:28:09 | [main] aspect.LoggingAspect (LoggingAspect.java:24) - time taken for method to execute is2020: transfer
INFO  | 2022-05-01 22:36:08 | [main] aspect.LoggingAspect (LoggingAspect.java:24) - time taken for method to execute is0: sendSms
INFO  | 2022-05-01 22:36:08 | [main] aspect.LoggingAspect (LoggingAspect.java:24) - time taken for method to execute is2027: transfer
INFO  | 2022-05-01 23:02:28 | [main] aspect.LoggingAspect (LoggingAspect.java:45) - time taken for method to execute is2023: transfer
